2019-03-18 16:36:40,909 - SoilMonitor - DEBUG - 处理图片：E:\SoilMonitorData\data\318\20190318_105610.jpg
2019-03-18 16:36:46,731 - SoilMonitor - INFO - 聚类labels结果:Counter({0: 8675})
2019-03-18 16:36:46,732 - SoilMonitor - INFO - soil label:0
2019-03-18 16:36:46,734 - SoilMonitor - DEBUG - 0 :聚类中心：[243.27919308357349, 102.70005763688761, 138.57533141210374]
2019-03-18 16:36:46,735 - SoilMonitor - INFO - noise ratio: 0.1325
2019-03-18 16:36:46,735 - SoilMonitor - INFO - sub image lab mean：[243.27919308357349, 102.70005763688761, 138.57533141210374]
2019-03-18 16:36:46,736 - SoilMonitor - INFO - 文件夹各副子图中心点：[[243.27919308357349, 102.70005763688761, 138.57533141210374]]
2019-03-18 16:36:46,737 - SoilMonitor - INFO - 文件夹各副子图中心点 均值: [ 243.28  102.7   138.58]
2019-03-18 16:41:19,906 - SoilMonitor - DEBUG - 处理图片：E:\SoilMonitorData\data\318\20190318_105610.jpg
2019-03-18 16:41:25,770 - SoilMonitor - INFO - 聚类labels结果:Counter({0: 8675})
2019-03-18 16:41:25,770 - SoilMonitor - INFO - soil label:0
2019-03-18 16:41:25,773 - SoilMonitor - DEBUG - 0 :聚类中心：[243.27919308357349, 102.70005763688761, 138.57533141210374]
2019-03-18 16:41:25,773 - SoilMonitor - INFO - noise ratio: 0.1325
2019-03-18 16:41:25,773 - SoilMonitor - INFO - sub image lab mean：[243.27919308357349, 102.70005763688761, 138.57533141210374]
2019-03-18 16:41:25,773 - SoilMonitor - INFO - 文件夹各副子图中心点：{'20190318_105610.jpg': [243.27919308357349, 102.70005763688761, 138.57533141210374]}
2019-03-18 16:42:26,348 - SoilMonitor - DEBUG - 处理图片：E:\SoilMonitorData\data\318\20190318_105610.jpg
2019-03-18 16:42:32,055 - SoilMonitor - INFO - 聚类labels结果:Counter({0: 8675})
2019-03-18 16:42:32,055 - SoilMonitor - INFO - soil label:0
2019-03-18 16:42:32,059 - SoilMonitor - DEBUG - 0 :聚类中心：[243.27919308357349, 102.70005763688761, 138.57533141210374]
2019-03-18 16:42:32,059 - SoilMonitor - INFO - noise ratio: 0.1325
2019-03-18 16:42:32,059 - SoilMonitor - INFO - sub image lab mean：[243.27919308357349, 102.70005763688761, 138.57533141210374]
2019-03-18 16:42:32,060 - SoilMonitor - INFO - 文件夹各副子图中心点：{'20190318_105610.jpg': [243.27919308357349, 102.70005763688761, 138.57533141210374]}
2019-03-18 16:43:10,599 - SoilMonitor - DEBUG - 处理图片：E:\SoilMonitorData\data\318\20190318_105610.jpg
2019-03-18 16:43:16,301 - SoilMonitor - INFO - 聚类labels结果:Counter({0: 8675})
2019-03-18 16:43:16,301 - SoilMonitor - INFO - soil label:0
2019-03-18 16:43:16,305 - SoilMonitor - DEBUG - 0 :聚类中心：[243.27919308357349, 102.70005763688761, 138.57533141210374]
2019-03-18 16:43:16,305 - SoilMonitor - INFO - noise ratio: 0.1325
2019-03-18 16:43:16,306 - SoilMonitor - INFO - sub image lab mean：[243.27919308357349, 102.70005763688761, 138.57533141210374]
2019-03-18 16:43:16,306 - SoilMonitor - INFO - 文件夹各副子图中心点：{'20190318_105610.jpg': [243.27919308357349, 102.70005763688761, 138.57533141210374]}
2019-03-18 16:43:52,754 - SoilMonitor - DEBUG - 处理图片：E:\SoilMonitorData\data\318\20190318_105610.jpg
2019-03-18 16:43:58,513 - SoilMonitor - INFO - 聚类labels结果:Counter({0: 8675})
2019-03-18 16:43:58,513 - SoilMonitor - INFO - soil label:0
2019-03-18 16:43:58,517 - SoilMonitor - DEBUG - 0 :聚类中心：[243.27919308357349, 102.70005763688761, 138.57533141210374]
2019-03-18 16:43:58,517 - SoilMonitor - INFO - noise ratio: 0.1325
2019-03-18 16:43:58,517 - SoilMonitor - INFO - sub image lab mean：[243.27919308357349, 102.70005763688761, 138.57533141210374]
2019-03-18 16:43:58,517 - SoilMonitor - INFO - 文件夹各副子图中心点：{'20190318_105610.jpg': [243.27919308357349, 102.70005763688761, 138.57533141210374]}
2019-03-18 16:43:58,518 - SoilMonitor - INFO - 文件夹各副子图中心点 均值: [ 243.28  102.7   138.58]
2019-03-18 16:44:47,809 - SoilMonitor - DEBUG - 处理图片：E:\SoilMonitorData\data\318\1.jpg
2019-03-18 16:44:49,073 - SoilMonitor - INFO - 聚类labels结果:Counter({0: 6884})
2019-03-18 16:44:49,073 - SoilMonitor - INFO - soil label:0
2019-03-18 16:44:49,076 - SoilMonitor - DEBUG - 0 :聚类中心：[109.3069436374201, 129.28689715281814, 153.29590354445091]
2019-03-18 16:44:49,076 - SoilMonitor - INFO - noise ratio: 0.3116
2019-03-18 16:44:49,076 - SoilMonitor - INFO - sub image lab mean：[109.3069436374201, 129.28689715281814, 153.29590354445091]
2019-03-18 16:44:49,077 - SoilMonitor - DEBUG - 处理图片：E:\SoilMonitorData\data\318\20190318_105610.jpg
2019-03-18 16:44:54,860 - SoilMonitor - INFO - 聚类labels结果:Counter({0: 8675})
2019-03-18 16:44:54,861 - SoilMonitor - INFO - soil label:0
2019-03-18 16:44:54,863 - SoilMonitor - DEBUG - 0 :聚类中心：[243.27919308357349, 102.70005763688761, 138.57533141210374]
2019-03-18 16:44:54,863 - SoilMonitor - INFO - noise ratio: 0.1325
2019-03-18 16:44:54,863 - SoilMonitor - INFO - sub image lab mean：[243.27919308357349, 102.70005763688761, 138.57533141210374]
2019-03-18 16:44:54,864 - SoilMonitor - INFO - 文件夹各副子图中心点：{'1.jpg': [109.3069436374201, 129.28689715281814, 153.29590354445091], '20190318_105610.jpg': [243.27919308357349, 102.70005763688761, 138.57533141210374]}
2019-03-18 16:44:54,864 - SoilMonitor - INFO - 文件夹各副子图中心点 均值: [ 176.29  115.99  145.94]
